gradleBuild/outputs/logs/manifest-merger-debug-report.txt
-- Merging decision tree log ---
manifest
ADDED from AndroidProjects/android-komatsu-ar/AndroidManifest.xml:17:1-55:12
INJECTED from AndroidProjects/android-komatsu-ar/AndroidManifest.xml:17:1-55:12
MERGED from [org.tensorflow:tensorflow-android:1.8.0] AndroidManifest.xml:2:1-8:12
MERGED from [com.android.support:design:27.0.2] AndroidManifest.xml:17:1-22:12
MERGED from [com.android.support:support-v4:27.0.2] AndroidManifest.xml:17:1-22:12
MERGED from [com.android.support:appcompat-v7:27.0.2] AndroidManifest.xml:17:1-22:12
MERGED from [com.android.support:recyclerview-v7:27.0.2] AndroidManifest.xml:17:1-22:12
MERGED from [com.android.support:transition:27.0.2] AndroidManifest.xml:17:1-22:12
MERGED from [com.android.support:support-media-compat:27.0.2] AndroidManifest.xml:17:1-22:12
MERGED from [com.android.support:support-fragment:27.0.2] AndroidManifest.xml:17:1-22:12
MERGED from [com.android.support:support-core-utils:27.0.2] AndroidManifest.xml:17:1-22:12
MERGED from [com.android.support:animated-vector-drawable:27.0.2] AndroidManifest.xml:17:1-22:12
MERGED from [com.android.support:support-core-ui:27.0.2] AndroidManifest.xml:17:1-22:12
MERGED from [com.android.support:support-vector-drawable:27.0.2] AndroidManifest.xml:17:1-22:12
MERGED from [com.android.support:support-compat:27.0.2] AndroidManifest.xml:17:1-22:12
MERGED from [android.arch.lifecycle:runtime:1.0.3] AndroidManifest.xml:17:1-24:12
INJECTED from AndroidProjects/android-komatsu-ar/AndroidManifest.xml:17:1-55:12
	package
		ADDED from AndroidProjects/android-komatsu-ar/AndroidManifest.xml:18:5-34
		INJECTED from AndroidProjects/android-komatsu-ar/AndroidManifest.xml
		INJECTED from AndroidProjects/android-komatsu-ar/AndroidManifest.xml
	xmlns:android
		ADDED from AndroidProjects/android-komatsu-ar/AndroidManifest.xml:17:11-69
uses-permission#android.permission.CAMERA
ADDED from AndroidProjects/android-komatsu-ar/AndroidManifest.xml:20:5-65
	android:name
		ADDED from AndroidProjects/android-komatsu-ar/AndroidManifest.xml:20:22-62
uses-feature#android.hardware.camera
ADDED from AndroidProjects/android-komatsu-ar/AndroidManifest.xml:22:5-24:36
	android:required
		ADDED from AndroidProjects/android-komatsu-ar/AndroidManifest.xml:24:9-33
	android:name
		ADDED from AndroidProjects/android-komatsu-ar/AndroidManifest.xml:23:9-47
uses-feature#android.hardware.camera.autofocus
ADDED from AndroidProjects/android-komatsu-ar/AndroidManifest.xml:25:5-27:36
	android:required
		ADDED from AndroidProjects/android-komatsu-ar/AndroidManifest.xml:27:9-33
	android:name
		ADDED from AndroidProjects/android-komatsu-ar/AndroidManifest.xml:26:9-57
uses-permission#android.permission.WRITE_EXTERNAL_STORAGE
ADDED from AndroidProjects/android-komatsu-ar/AndroidManifest.xml:29:5-81
	android:name
		ADDED from AndroidProjects/android-komatsu-ar/AndroidManifest.xml:29:22-78
uses-permission#android.permission.RECORD_AUDIO
ADDED from AndroidProjects/android-komatsu-ar/AndroidManifest.xml:30:5-71
	android:name
		ADDED from AndroidProjects/android-komatsu-ar/AndroidManifest.xml:30:22-68
application
ADDED from AndroidProjects/android-komatsu-ar/AndroidManifest.xml:32:5-53:19
MERGED from [org.tensorflow:tensorflow-android:1.8.0] AndroidManifest.xml:5:5-6:19
MERGED from [org.tensorflow:tensorflow-android:1.8.0] AndroidManifest.xml:5:5-6:19
	android:label
		ADDED from AndroidProjects/android-komatsu-ar/AndroidManifest.xml:35:9-41
	android:icon
		ADDED from AndroidProjects/android-komatsu-ar/AndroidManifest.xml:34:9-43
	android:allowBackup
		ADDED from AndroidProjects/android-komatsu-ar/AndroidManifest.xml:33:9-35
	android:theme
		ADDED from AndroidProjects/android-komatsu-ar/AndroidManifest.xml:36:9-45
activity#org.tensorflow.demo.activity.SplashActivity
ADDED from AndroidProjects/android-komatsu-ar/AndroidManifest.xml:38:9-46:20
	android:screenOrientation
		ADDED from AndroidProjects/android-komatsu-ar/AndroidManifest.xml:40:13-50
	android:theme
		ADDED from AndroidProjects/android-komatsu-ar/AndroidManifest.xml:41:13-47
	android:name
		ADDED from AndroidProjects/android-komatsu-ar/AndroidManifest.xml:39:13-52
intent-filter#android.intent.action.MAIN+android.intent.category.LAUNCHER
ADDED from AndroidProjects/android-komatsu-ar/AndroidManifest.xml:42:13-45:29
action#android.intent.action.MAIN
ADDED from AndroidProjects/android-komatsu-ar/AndroidManifest.xml:43:17-69
	android:name
		ADDED from AndroidProjects/android-komatsu-ar/AndroidManifest.xml:43:25-66
category#android.intent.category.LAUNCHER
ADDED from AndroidProjects/android-komatsu-ar/AndroidManifest.xml:44:17-77
	android:name
		ADDED from AndroidProjects/android-komatsu-ar/AndroidManifest.xml:44:27-74
activity#org.tensorflow.demo.DetectorActivity
ADDED from AndroidProjects/android-komatsu-ar/AndroidManifest.xml:48:9-51:53
	android:screenOrientation
		ADDED from AndroidProjects/android-komatsu-ar/AndroidManifest.xml:51:13-50
	android:label
		ADDED from AndroidProjects/android-komatsu-ar/AndroidManifest.xml:50:13-60
	android:name
		ADDED from AndroidProjects/android-komatsu-ar/AndroidManifest.xml:49:13-64
uses-sdk
INJECTED from AndroidProjects/android-komatsu-ar/AndroidManifest.xml reason: use-sdk injection requested
INJECTED from AndroidProjects/android-komatsu-ar/AndroidManifest.xml
INJECTED from AndroidProjects/android-komatsu-ar/AndroidManifest.xml
MERGED from [com.android.support:design:27.0.2] AndroidManifest.xml:20:5-44
MERGED from [com.android.support:design:27.0.2] AndroidManifest.xml:20:5-44
MERGED from [com.android.support:support-v4:27.0.2] AndroidManifest.xml:20:5-44
MERGED from [com.android.support:support-v4:27.0.2] AndroidManifest.xml:20:5-44
MERGED from [com.android.support:appcompat-v7:27.0.2] AndroidManifest.xml:20:5-44
MERGED from [com.android.support:appcompat-v7:27.0.2] AndroidManifest.xml:20:5-44
MERGED from [com.android.support:recyclerview-v7:27.0.2] AndroidManifest.xml:20:5-44
MERGED from [com.android.support:recyclerview-v7:27.0.2] AndroidManifest.xml:20:5-44
MERGED from [com.android.support:transition:27.0.2] AndroidManifest.xml:20:5-44
MERGED from [com.android.support:transition:27.0.2] AndroidManifest.xml:20:5-44
MERGED from [com.android.support:support-media-compat:27.0.2] AndroidManifest.xml:20:5-44
MERGED from [com.android.support:support-media-compat:27.0.2] AndroidManifest.xml:20:5-44
MERGED from [com.android.support:support-fragment:27.0.2] AndroidManifest.xml:20:5-44
MERGED from [com.android.support:support-fragment:27.0.2] AndroidManifest.xml:20:5-44
MERGED from [com.android.support:support-core-utils:27.0.2] AndroidManifest.xml:20:5-44
MERGED from [com.android.support:support-core-utils:27.0.2] AndroidManifest.xml:20:5-44
MERGED from [com.android.support:animated-vector-drawable:27.0.2] AndroidManifest.xml:20:5-44
MERGED from [com.android.support:animated-vector-drawable:27.0.2] AndroidManifest.xml:20:5-44
MERGED from [com.android.support:support-core-ui:27.0.2] AndroidManifest.xml:20:5-44
MERGED from [com.android.support:support-core-ui:27.0.2] AndroidManifest.xml:20:5-44
MERGED from [com.android.support:support-vector-drawable:27.0.2] AndroidManifest.xml:20:5-44
MERGED from [com.android.support:support-vector-drawable:27.0.2] AndroidManifest.xml:20:5-44
MERGED from [com.android.support:support-compat:27.0.2] AndroidManifest.xml:20:5-44
MERGED from [com.android.support:support-compat:27.0.2] AndroidManifest.xml:20:5-44
MERGED from [android.arch.lifecycle:runtime:1.0.3] AndroidManifest.xml:20:5-22:41
MERGED from [android.arch.lifecycle:runtime:1.0.3] AndroidManifest.xml:20:5-22:41
INJECTED from AndroidProjects/android-komatsu-ar/AndroidManifest.xml
INJECTED from AndroidProjects/android-komatsu-ar/AndroidManifest.xml
	android:targetSdkVersion
		INJECTED from AndroidProjects/android-komatsu-ar/AndroidManifest.xml
		ADDED from AndroidProjects/android-komatsu-ar/AndroidManifest.xml
		INJECTED from AndroidProjects/android-komatsu-ar/AndroidManifest.xml
	android:minSdkVersion
		INJECTED from AndroidProjects/android-komatsu-ar/AndroidManifest.xml
		ADDED from AndroidProjects/android-komatsu-ar/AndroidManifest.xml
		INJECTED from AndroidProjects/android-komatsu-ar/AndroidManifest.xml
uses-permission#android.permission.READ_PHONE_STATE
IMPLIED from AndroidProjects/android-komatsu-ar/AndroidManifest.xml:17:1-55:12 reason: tensorflow.contrib.android has a targetSdkVersion < 4
uses-permission#android.permission.READ_EXTERNAL_STORAGE
IMPLIED from AndroidProjects/android-komatsu-ar/AndroidManifest.xml:17:1-55:12 reason: tensorflow.contrib.android requested WRITE_EXTERNAL_STORAGE